2023-03-20 18:41:27,115 - kedro.framework.session.session - INFO - Kedro project pyspark-iris
2023-03-20 18:41:35,427 - py.warnings - WARNING - C:\Users\rmishr06\OneDrive - Amgen\Documents\kedropys\venv\lib\site-packages\kedro\framework\project\__init__.py:330: UserWarning: An error occurred while importing the 'pyspark_iris.pipeline' module. Nothing defined therein will be returned by 'find_pipelines'.

Traceback (most recent call last):
  File "C:\Users\rmishr06\OneDrive - Amgen\Documents\kedropys\venv\lib\site-packages\kedro\framework\project\__init__.py", line 327, in find_pipelines
    pipeline_module = importlib.import_module(pipeline_module_name)
  File "C:\Program Files\WindowsApps\PythonSoftwareFoundation.Python.3.10_3.10.2800.0_x64__qbz5n2kfra8p0\lib\importlib\__init__.py", line 126, in import_module
    return _bootstrap._gcd_import(name[level:], package, level)
  File "<frozen importlib._bootstrap>", line 1050, in _gcd_import
  File "<frozen importlib._bootstrap>", line 1027, in _find_and_load
  File "<frozen importlib._bootstrap>", line 1006, in _find_and_load_unlocked
  File "<frozen importlib._bootstrap>", line 688, in _load_unlocked
  File "<frozen importlib._bootstrap_external>", line 883, in exec_module
  File "<frozen importlib._bootstrap>", line 241, in _call_with_frames_removed
  File "C:\Users\rmishr06\OneDrive - Amgen\Documents\kedropys\pyspark-iris\src\pyspark_iris\pipeline.py", line 8, in <module>
    from .nodes import make_predictions, report_accuracy, split_data
  File "C:\Users\rmishr06\OneDrive - Amgen\Documents\kedropys\pyspark-iris\src\pyspark_iris\nodes.py", line 9, in <module>
    import numpy as np
ModuleNotFoundError: No module named 'numpy'

  warnings.warn(

2023-03-21 11:35:03,618 - kedro.framework.session.session - INFO - Kedro project pyspark-iris
2023-03-21 11:35:03,774 - py.warnings - WARNING - C:\Users\rmishr06\OneDrive - Amgen\Documents\kedropys\venv\lib\site-packages\hdfs\config.py:15: DeprecationWarning: the imp module is deprecated in favour of importlib and slated for removal in Python 3.12; see the module's documentation for alternative uses
  from imp import load_source

2023-03-21 11:35:11,805 - kedro.io.data_catalog - INFO - Loading data from 'example_iris_data' (SparkDataSet)...
2023-03-21 11:35:17,680 - kedro.io.data_catalog - INFO - Loading data from 'parameters' (MemoryDataSet)...
2023-03-21 11:35:17,680 - kedro.pipeline.node - INFO - Running node: split: split_data([example_iris_data,parameters]) -> [X_train@pyspark,X_test@pyspark,y_train@pyspark,y_test@pyspark]
2023-03-21 11:35:17,743 - kedro.io.data_catalog - INFO - Saving data to 'X_train@pyspark' (SparkDataSet)...
2023-03-21 11:35:17,993 - kedro.runner.sequential_runner - WARNING - No nodes ran. Repeat the previous command to attempt a new run.
2023-03-21 11:43:44,258 - kedro.framework.session.session - INFO - Kedro project pyspark-iris
2023-03-21 11:43:44,399 - py.warnings - WARNING - C:\Users\rmishr06\OneDrive - Amgen\Documents\kedropys\venv\lib\site-packages\hdfs\config.py:15: DeprecationWarning: the imp module is deprecated in favour of importlib and slated for removal in Python 3.12; see the module's documentation for alternative uses
  from imp import load_source

2023-03-21 11:43:53,868 - kedro.io.data_catalog - INFO - Loading data from 'example_iris_data' (SparkDataSet)...
2023-03-21 11:44:02,524 - kedro.io.data_catalog - INFO - Loading data from 'parameters' (MemoryDataSet)...
2023-03-21 11:44:02,524 - kedro.pipeline.node - INFO - Running node: split: split_data([example_iris_data,parameters]) -> [X_train@pyspark,X_test@pyspark,y_train@pyspark,y_test@pyspark]
2023-03-21 11:44:02,602 - kedro.io.data_catalog - INFO - Saving data to 'X_train@pyspark' (SparkDataSet)...
2023-03-21 11:44:07,602 - kedro.runner.sequential_runner - WARNING - No nodes ran. Repeat the previous command to attempt a new run.
2023-03-21 11:53:11,337 - kedro.framework.session.session - INFO - Kedro project pyspark-iris
2023-03-21 11:53:11,430 - py.warnings - WARNING - C:\Users\rmishr06\OneDrive - Amgen\Documents\kedropys\venv\lib\site-packages\hdfs\config.py:15: DeprecationWarning: the imp module is deprecated in favour of importlib and slated for removal in Python 3.12; see the module's documentation for alternative uses
  from imp import load_source

2023-03-21 11:53:18,493 - kedro.io.data_catalog - INFO - Loading data from 'example_iris_data' (SparkDataSet)...
2023-03-21 11:53:24,977 - kedro.io.data_catalog - INFO - Loading data from 'parameters' (MemoryDataSet)...
2023-03-21 11:53:24,977 - kedro.pipeline.node - INFO - Running node: split: split_data([example_iris_data,parameters]) -> [X_train@pyspark,X_test@pyspark,y_train@pyspark,y_test@pyspark]
2023-03-21 11:53:25,040 - kedro.io.data_catalog - INFO - Saving data to 'X_train@pyspark' (SparkDataSet)...
2023-03-21 11:53:28,977 - kedro.runner.sequential_runner - WARNING - No nodes ran. Repeat the previous command to attempt a new run.
2023-03-21 12:51:10,889 - kedro.framework.session.session - INFO - Kedro project pyspark-iris
2023-03-21 12:51:11,280 - py.warnings - WARNING - C:\Users\rmishr06\OneDrive - Amgen\Documents\kedropys\venv\lib\site-packages\hdfs\config.py:15: DeprecationWarning: the imp module is deprecated in favour of importlib and slated for removal in Python 3.12; see the module's documentation for alternative uses
  from imp import load_source

2023-03-21 12:52:33,483 - kedro.io.data_catalog - INFO - Loading data from 'example_iris_data' (SparkDataSet)...
2023-03-21 12:52:44,365 - kedro.io.data_catalog - INFO - Loading data from 'parameters' (MemoryDataSet)...
2023-03-21 12:52:44,365 - kedro.pipeline.node - INFO - Running node: split: split_data([example_iris_data,parameters]) -> [X_train@pyspark,X_test@pyspark,y_train@pyspark,y_test@pyspark]
2023-03-21 12:52:44,483 - kedro.io.data_catalog - INFO - Saving data to 'X_train@pyspark' (SparkDataSet)...
2023-03-21 12:52:50,249 - kedro.runner.sequential_runner - WARNING - No nodes ran. Repeat the previous command to attempt a new run.
2023-03-21 13:04:47,391 - kedro.framework.session.session - INFO - Kedro project pyspark-iris
2023-03-21 13:04:47,532 - py.warnings - WARNING - C:\Users\rmishr06\OneDrive - Amgen\Documents\kedropys\venv\lib\site-packages\hdfs\config.py:15: DeprecationWarning: the imp module is deprecated in favour of importlib and slated for removal in Python 3.12; see the module's documentation for alternative uses
  from imp import load_source

2023-03-21 13:05:01,297 - kedro.io.data_catalog - INFO - Loading data from 'example_iris_data' (SparkDataSet)...
2023-03-21 13:05:11,811 - kedro.io.data_catalog - INFO - Loading data from 'parameters' (MemoryDataSet)...
2023-03-21 13:05:11,817 - kedro.pipeline.node - INFO - Running node: split: split_data([example_iris_data,parameters]) -> [X_train@pyspark,X_test@pyspark,y_train@pyspark,y_test@pyspark]
2023-03-21 13:05:11,923 - kedro.io.data_catalog - INFO - Saving data to 'X_train@pyspark' (SparkDataSet)...
2023-03-21 13:05:33,149 - kedro.runner.sequential_runner - WARNING - No nodes ran. Repeat the previous command to attempt a new run.
2023-03-21 13:07:22,689 - kedro.framework.session.session - INFO - Kedro project pyspark-iris
2023-03-21 13:07:22,892 - py.warnings - WARNING - C:\Users\rmishr06\OneDrive - Amgen\Documents\kedropys\venv\lib\site-packages\hdfs\config.py:15: DeprecationWarning: the imp module is deprecated in favour of importlib and slated for removal in Python 3.12; see the module's documentation for alternative uses
  from imp import load_source

2023-03-21 13:07:33,626 - kedro.io.data_catalog - INFO - Loading data from 'example_iris_data' (SparkDataSet)...
2023-03-21 13:07:42,236 - kedro.io.data_catalog - INFO - Loading data from 'parameters' (MemoryDataSet)...
2023-03-21 13:07:42,236 - kedro.pipeline.node - INFO - Running node: split: split_data([example_iris_data,parameters]) -> [X_train@pyspark,X_test@pyspark,y_train@pyspark,y_test@pyspark]
2023-03-21 13:07:42,331 - kedro.io.data_catalog - INFO - Saving data to 'X_train@pyspark' (SparkDataSet)...
2023-03-21 13:07:57,376 - kedro.runner.sequential_runner - WARNING - No nodes ran. Repeat the previous command to attempt a new run.
2023-03-21 13:18:41,225 - kedro.framework.session.session - INFO - Kedro project pyspark-iris
2023-03-21 13:18:41,350 - py.warnings - WARNING - C:\Users\rmishr06\OneDrive - Amgen\Documents\kedropys\venv\lib\site-packages\hdfs\config.py:15: DeprecationWarning: the imp module is deprecated in favour of importlib and slated for removal in Python 3.12; see the module's documentation for alternative uses
  from imp import load_source

2023-03-21 13:18:51,225 - kedro.io.data_catalog - INFO - Loading data from 'example_iris_data' (SparkDataSet)...
2023-03-21 13:19:02,241 - kedro.io.data_catalog - INFO - Loading data from 'parameters' (MemoryDataSet)...
2023-03-21 13:19:02,256 - kedro.pipeline.node - INFO - Running node: split: split_data([example_iris_data,parameters]) -> [X_train@pyspark,X_test@pyspark,y_train@pyspark,y_test@pyspark]
2023-03-21 13:19:02,381 - kedro.io.data_catalog - INFO - Saving data to 'X_train@pyspark' (SparkDataSet)...
2023-03-21 13:19:16,494 - kedro.runner.sequential_runner - WARNING - No nodes ran. Repeat the previous command to attempt a new run.
2023-03-21 13:23:19,976 - kedro.framework.session.session - INFO - Kedro project pyspark-iris
2023-03-21 13:23:20,085 - py.warnings - WARNING - C:\Users\rmishr06\OneDrive - Amgen\Documents\kedropys\venv\lib\site-packages\hdfs\config.py:15: DeprecationWarning: the imp module is deprecated in favour of importlib and slated for removal in Python 3.12; see the module's documentation for alternative uses
  from imp import load_source

2023-03-21 13:23:47,081 - kedro.io.data_catalog - INFO - Loading data from 'example_iris_data' (SparkDataSet)...
2023-03-21 13:23:56,361 - kedro.io.data_catalog - INFO - Loading data from 'parameters' (MemoryDataSet)...
2023-03-21 13:23:56,366 - kedro.pipeline.node - INFO - Running node: split: split_data([example_iris_data,parameters]) -> [X_train@pyspark,X_test@pyspark,y_train@pyspark,y_test@pyspark]
2023-03-21 13:23:56,445 - kedro.io.data_catalog - INFO - Saving data to 'X_train@pyspark' (SparkDataSet)...
2023-03-21 13:23:56,780 - kedro.runner.sequential_runner - WARNING - No nodes ran. Repeat the previous command to attempt a new run.
2023-03-21 13:26:17,607 - kedro.framework.session.session - INFO - Kedro project pyspark-iris
2023-03-21 13:26:17,711 - py.warnings - WARNING - C:\Users\rmishr06\OneDrive - Amgen\Documents\kedropys\venv\lib\site-packages\hdfs\config.py:15: DeprecationWarning: the imp module is deprecated in favour of importlib and slated for removal in Python 3.12; see the module's documentation for alternative uses
  from imp import load_source

2023-03-21 13:26:26,617 - kedro.io.data_catalog - INFO - Loading data from 'example_iris_data' (SparkDataSet)...
2023-03-21 13:26:34,336 - kedro.io.data_catalog - INFO - Loading data from 'parameters' (MemoryDataSet)...
2023-03-21 13:26:34,336 - kedro.pipeline.node - INFO - Running node: split: split_data([example_iris_data,parameters]) -> [X_train@pyspark,X_test@pyspark,y_train@pyspark,y_test@pyspark]
2023-03-21 13:26:34,445 - kedro.io.data_catalog - INFO - Saving data to 'X_train@pyspark' (SparkDataSet)...
2023-03-21 13:26:38,945 - kedro.runner.sequential_runner - WARNING - No nodes ran. Repeat the previous command to attempt a new run.
2023-03-21 13:35:55,928 - kedro.framework.session.session - INFO - Kedro project pyspark-iris
2023-03-21 13:35:56,060 - py.warnings - WARNING - C:\Users\rmishr06\OneDrive - Amgen\Documents\kedropys\venv\lib\site-packages\hdfs\config.py:15: DeprecationWarning: the imp module is deprecated in favour of importlib and slated for removal in Python 3.12; see the module's documentation for alternative uses
  from imp import load_source

2023-03-21 13:36:07,016 - kedro.io.data_catalog - INFO - Loading data from 'example_iris_data' (SparkDataSet)...
2023-03-21 13:36:16,625 - kedro.io.data_catalog - INFO - Loading data from 'parameters' (MemoryDataSet)...
2023-03-21 13:36:16,630 - kedro.pipeline.node - INFO - Running node: split: split_data([example_iris_data,parameters]) -> [X_train@pyspark,X_test@pyspark,y_train@pyspark,y_test@pyspark]
2023-03-21 13:36:16,734 - kedro.io.data_catalog - INFO - Saving data to 'X_train@pyspark' (SparkDataSet)...
2023-03-21 13:36:21,484 - kedro.runner.sequential_runner - WARNING - No nodes ran. Repeat the previous command to attempt a new run.
2023-03-21 17:33:58,527 - kedro.framework.session.session - INFO - Kedro project pyspark-iris
2023-03-21 17:33:58,637 - py.warnings - WARNING - C:\Users\rmishr06\OneDrive - Amgen\Documents\kedropys\venv\lib\site-packages\hdfs\config.py:15: DeprecationWarning: the imp module is deprecated in favour of importlib and slated for removal in Python 3.12; see the module's documentation for alternative uses
  from imp import load_source

2023-03-21 17:34:07,027 - kedro.io.data_catalog - INFO - Loading data from 'example_iris_data' (SparkDataSet)...
2023-03-21 17:34:14,731 - kedro.io.data_catalog - INFO - Loading data from 'parameters' (MemoryDataSet)...
2023-03-21 17:34:14,781 - kedro.pipeline.node - INFO - Running node: split: split_data([example_iris_data,parameters]) -> [X_train@pyspark,X_test@pyspark,y_train@pyspark,y_test@pyspark]
2023-03-21 17:34:14,924 - kedro.io.data_catalog - INFO - Saving data to 'X_train@pyspark' (SparkDataSet)...
2023-03-21 17:34:26,062 - kedro.runner.sequential_runner - WARNING - No nodes ran. Repeat the previous command to attempt a new run.
2023-03-21 18:02:15,988 - kedro.framework.session.session - INFO - Kedro project pyspark-iris
2023-03-21 18:02:16,144 - py.warnings - WARNING - C:\Users\rmishr06\OneDrive - Amgen\Documents\kedropys\venv\lib\site-packages\hdfs\config.py:15: DeprecationWarning: the imp module is deprecated in favour of importlib and slated for removal in Python 3.12; see the module's documentation for alternative uses
  from imp import load_source

2023-03-21 18:02:29,050 - kedro.io.data_catalog - INFO - Loading data from 'example_iris_data' (SparkDataSet)...
2023-03-21 18:02:43,837 - kedro.io.data_catalog - INFO - Loading data from 'parameters' (MemoryDataSet)...
2023-03-21 18:02:43,855 - kedro.pipeline.node - INFO - Running node: split: split_data([example_iris_data,parameters]) -> [X_train@pyspark,X_test@pyspark,y_train@pyspark,y_test@pyspark]
2023-03-21 18:02:43,963 - kedro.io.data_catalog - INFO - Saving data to 'X_train@pyspark' (SparkDataSet)...
2023-03-21 18:02:49,217 - kedro.runner.sequential_runner - WARNING - No nodes ran. Repeat the previous command to attempt a new run.
2023-03-21 18:35:10,436 - kedro.framework.session.session - INFO - Kedro project pyspark-iris
2023-03-21 18:35:10,608 - py.warnings - WARNING - C:\Users\rmishr06\OneDrive - Amgen\Documents\kedropys\venv\lib\site-packages\hdfs\config.py:15: DeprecationWarning: the imp module is deprecated in favour of importlib and slated for removal in Python 3.12; see the module's documentation for alternative uses
  from imp import load_source

2023-03-21 18:35:17,327 - kedro.io.data_catalog - INFO - Loading data from 'example_iris_data' (SparkDataSet)...
2023-03-21 18:35:23,467 - kedro.io.data_catalog - INFO - Loading data from 'parameters' (MemoryDataSet)...
2023-03-21 18:35:23,467 - kedro.pipeline.node - INFO - Running node: split: split_data([example_iris_data,parameters]) -> [X_train@pyspark,X_test@pyspark,y_train@pyspark,y_test@pyspark]
2023-03-21 18:35:23,546 - kedro.io.data_catalog - INFO - Saving data to 'X_train@pyspark' (SparkDataSet)...
2023-03-21 18:35:23,827 - kedro.runner.sequential_runner - WARNING - No nodes ran. Repeat the previous command to attempt a new run.
2023-03-21 19:01:33,883 - kedro.framework.session.session - INFO - Kedro project pyspark-iris
2023-03-21 19:01:33,972 - py.warnings - WARNING - C:\Users\rmishr06\OneDrive - Amgen\Documents\kedropys\venv\lib\site-packages\hdfs\config.py:15: DeprecationWarning: the imp module is deprecated in favour of importlib and slated for removal in Python 3.12; see the module's documentation for alternative uses
  from imp import load_source

2023-03-21 19:01:40,644 - kedro.io.data_catalog - INFO - Loading data from 'example_iris_data' (SparkDataSet)...
2023-03-21 19:01:46,550 - kedro.io.data_catalog - INFO - Loading data from 'parameters' (MemoryDataSet)...
2023-03-21 19:01:46,566 - kedro.pipeline.node - INFO - Running node: split: split_data([example_iris_data,parameters]) -> [X_train@pyspark,X_test@pyspark,y_train@pyspark,y_test@pyspark]
2023-03-21 19:01:46,644 - kedro.io.data_catalog - INFO - Saving data to 'X_train@pyspark' (SparkDataSet)...
2023-03-21 19:01:50,722 - kedro.runner.sequential_runner - WARNING - No nodes ran. Repeat the previous command to attempt a new run.
2023-03-21 19:16:53,280 - kedro.framework.session.session - INFO - Kedro project pyspark-iris
2023-03-21 19:16:53,431 - py.warnings - WARNING - C:\Users\rmishr06\OneDrive - Amgen\Documents\kedropys\venv\lib\site-packages\hdfs\config.py:15: DeprecationWarning: the imp module is deprecated in favour of importlib and slated for removal in Python 3.12; see the module's documentation for alternative uses
  from imp import load_source

2023-03-21 19:17:37,897 - kedro.io.data_catalog - INFO - Loading data from 'example_iris_data' (SparkDataSet)...
2023-03-21 19:18:09,048 - kedro.io.data_catalog - INFO - Loading data from 'parameters' (MemoryDataSet)...
2023-03-21 19:18:09,054 - kedro.pipeline.node - INFO - Running node: split: split_data([example_iris_data,parameters]) -> [X_train@pyspark,X_test@pyspark,y_train@pyspark,y_test@pyspark]
2023-03-21 19:18:09,164 - kedro.io.data_catalog - INFO - Saving data to 'X_train@pyspark' (SparkDataSet)...
2023-03-21 19:18:15,200 - kedro.io.data_catalog - INFO - Saving data to 'X_test@pyspark' (SparkDataSet)...
2023-03-21 19:18:16,194 - kedro.io.data_catalog - INFO - Saving data to 'y_train@pyspark' (SparkDataSet)...
2023-03-21 19:18:19,019 - kedro.io.data_catalog - INFO - Saving data to 'y_test@pyspark' (SparkDataSet)...
2023-03-21 19:18:20,591 - kedro.runner.sequential_runner - INFO - Completed 1 out of 3 tasks
2023-03-21 19:18:22,085 - kedro.io.data_catalog - INFO - Loading data from 'X_train@pandas' (ParquetDataSet)...
2023-03-21 19:18:23,710 - kedro.io.data_catalog - INFO - Loading data from 'X_test@pandas' (ParquetDataSet)...
2023-03-21 19:18:25,116 - kedro.io.data_catalog - INFO - Loading data from 'y_train@pandas' (ParquetDataSet)...
2023-03-21 19:18:26,585 - kedro.pipeline.node - INFO - Running node: make_predictions: make_predictions([X_train@pandas,X_test@pandas,y_train@pandas]) -> [y_pred]
2023-03-21 19:18:28,522 - kedro.io.data_catalog - INFO - Saving data to 'y_pred' (MemoryDataSet)...
2023-03-21 19:18:30,194 - kedro.runner.sequential_runner - INFO - Completed 2 out of 3 tasks
2023-03-21 19:18:31,257 - kedro.io.data_catalog - INFO - Loading data from 'y_pred' (MemoryDataSet)...
2023-03-21 19:18:32,739 - kedro.io.data_catalog - INFO - Loading data from 'y_test@pandas' (ParquetDataSet)...
2023-03-21 19:18:34,038 - kedro.pipeline.node - INFO - Running node: report_accuracy: report_accuracy([y_pred,y_test@pandas]) -> None
2023-03-21 19:18:35,194 - pyspark_iris.nodes - INFO - Model has an accuracy of 0.970 on test data.
2023-03-21 19:18:35,194 - kedro.runner.sequential_runner - INFO - Completed 3 out of 3 tasks
2023-03-21 19:18:35,632 - kedro.runner.sequential_runner - INFO - Pipeline execution completed successfully.
2023-03-21 19:46:46,593 - kedro.framework.session.session - INFO - Kedro project pyspark-iris
2023-03-21 19:46:46,709 - py.warnings - WARNING - C:\Users\rmishr06\OneDrive - Amgen\Documents\kedropys\venv\lib\site-packages\hdfs\config.py:15: DeprecationWarning: the imp module is deprecated in favour of importlib and slated for removal in Python 3.12; see the module's documentation for alternative uses
  from imp import load_source

2023-03-21 20:43:19,277 - kedro.io.data_catalog - INFO - Loading data from 'example_iris_data' (SparkDataSet)...
2023-03-21 20:43:28,640 - kedro.io.data_catalog - INFO - Loading data from 'parameters' (MemoryDataSet)...
2023-03-21 20:43:28,644 - kedro.pipeline.node - INFO - Running node: split: split_data([example_iris_data,parameters]) -> [X_train@pyspark,X_test@pyspark,y_train@pyspark,y_test@pyspark]
2023-03-21 20:43:28,753 - kedro.io.data_catalog - INFO - Saving data to 'X_train@pyspark' (SparkDataSet)...
2023-03-21 20:43:32,465 - kedro.io.data_catalog - INFO - Saving data to 'X_test@pyspark' (SparkDataSet)...
2023-03-21 20:43:37,477 - kedro.io.data_catalog - INFO - Saving data to 'y_train@pyspark' (SparkDataSet)...
2023-03-21 20:43:41,181 - kedro.io.data_catalog - INFO - Saving data to 'y_test@pyspark' (SparkDataSet)...
2023-03-21 20:43:42,085 - kedro.runner.sequential_runner - INFO - Completed 1 out of 3 tasks
2023-03-21 20:43:43,425 - kedro.io.data_catalog - INFO - Loading data from 'X_train@pandas' (ParquetDataSet)...
2023-03-21 20:43:50,998 - kedro.io.data_catalog - INFO - Loading data from 'X_test@pandas' (ParquetDataSet)...
2023-03-21 20:43:53,203 - kedro.io.data_catalog - INFO - Loading data from 'y_train@pandas' (ParquetDataSet)...
2023-03-21 20:44:02,666 - kedro.pipeline.node - INFO - Running node: make_predictions: make_predictions([X_train@pandas,X_test@pandas,y_train@pandas]) -> [y_pred]
2023-03-21 20:44:04,444 - kedro.io.data_catalog - INFO - Saving data to 'y_pred' (MemoryDataSet)...
2023-03-21 20:44:04,444 - kedro.runner.sequential_runner - INFO - Completed 2 out of 3 tasks
2023-03-21 20:44:04,444 - kedro.io.data_catalog - INFO - Loading data from 'y_pred' (MemoryDataSet)...
2023-03-21 20:44:04,460 - kedro.io.data_catalog - INFO - Loading data from 'y_test@pandas' (ParquetDataSet)...
2023-03-21 20:44:04,460 - kedro.pipeline.node - INFO - Running node: report_accuracy: report_accuracy([y_pred,y_test@pandas]) -> None
2023-03-21 20:44:04,476 - pyspark_iris.nodes - INFO - Model has an accuracy of 0.973 on test data.
2023-03-21 20:44:04,476 - kedro.runner.sequential_runner - INFO - Completed 3 out of 3 tasks
2023-03-21 20:44:04,476 - kedro.runner.sequential_runner - INFO - Pipeline execution completed successfully.
2023-03-22 10:50:00,513 - kedro.framework.session.session - INFO - Kedro project pyspark-iris
2023-03-22 10:50:00,695 - py.warnings - WARNING - C:\Users\rmishr06\OneDrive - Amgen\Documents\kedropys\venv\lib\site-packages\hdfs\config.py:15: DeprecationWarning: the imp module is deprecated in favour of importlib and slated for removal in Python 3.12; see the module's documentation for alternative uses
  from imp import load_source

2023-03-22 10:50:25,194 - kedro.io.data_catalog - INFO - Loading data from 'example_iris_data' (SparkDataSet)...
2023-03-22 10:50:36,601 - kedro.io.data_catalog - INFO - Loading data from 'parameters' (MemoryDataSet)...
2023-03-22 10:50:37,210 - kedro.pipeline.node - INFO - Running node: split: split_data([example_iris_data,parameters]) -> [X_train@pyspark,X_test@pyspark,y_train@pyspark,y_test@pyspark]
2023-03-22 10:50:42,038 - kedro.io.data_catalog - INFO - Saving data to 'X_train@pyspark' (SparkDataSet)...
2023-03-22 10:50:45,695 - kedro.io.data_catalog - INFO - Saving data to 'X_test@pyspark' (SparkDataSet)...
2023-03-22 10:50:46,804 - kedro.io.data_catalog - INFO - Saving data to 'y_train@pyspark' (SparkDataSet)...
2023-03-22 10:50:53,195 - kedro.io.data_catalog - INFO - Saving data to 'y_test@pyspark' (SparkDataSet)...
2023-03-22 10:50:56,132 - kedro.runner.sequential_runner - INFO - Completed 1 out of 3 tasks
2023-03-22 10:50:57,377 - kedro.io.data_catalog - INFO - Loading data from 'X_train@pandas' (ParquetDataSet)...
2023-03-22 10:50:59,340 - kedro.io.data_catalog - INFO - Loading data from 'X_test@pandas' (ParquetDataSet)...
2023-03-22 10:50:59,351 - kedro.io.data_catalog - INFO - Loading data from 'y_train@pandas' (ParquetDataSet)...
2023-03-22 10:50:59,351 - kedro.pipeline.node - INFO - Running node: make_predictions: make_predictions([X_train@pandas,X_test@pandas,y_train@pandas]) -> [y_pred]
2023-03-22 10:50:59,351 - kedro.io.data_catalog - INFO - Saving data to 'y_pred' (MemoryDataSet)...
2023-03-22 10:50:59,367 - kedro.runner.sequential_runner - INFO - Completed 2 out of 3 tasks
2023-03-22 10:50:59,367 - kedro.io.data_catalog - INFO - Loading data from 'y_pred' (MemoryDataSet)...
2023-03-22 10:50:59,383 - kedro.io.data_catalog - INFO - Loading data from 'y_test@pandas' (ParquetDataSet)...
2023-03-22 10:50:59,398 - kedro.pipeline.node - INFO - Running node: report_accuracy: report_accuracy([y_pred,y_test@pandas]) -> None
2023-03-22 10:50:59,398 - pyspark_iris.nodes - INFO - Model has an accuracy of 0.946 on test data.
2023-03-22 10:50:59,398 - kedro.runner.sequential_runner - INFO - Completed 3 out of 3 tasks
2023-03-22 10:50:59,429 - kedro.runner.sequential_runner - INFO - Pipeline execution completed successfully.
2023-03-24 12:40:20,681 - kedro.framework.session.session - INFO - Kedro project pyspark-iris
2023-03-24 12:40:20,811 - py.warnings - WARNING - C:\Users\rmishr06\OneDrive - Amgen\Documents\kedropys\venv\lib\site-packages\hdfs\config.py:15: DeprecationWarning: the imp module is deprecated in favour of importlib and slated for removal in Python 3.12; see the module's documentation for alternative uses
  from imp import load_source

2023-03-24 12:40:31,280 - kedro.io.data_catalog - INFO - Loading data from 'example_iris_data' (SparkDataSet)...
2023-03-24 12:40:37,836 - kedro.io.data_catalog - INFO - Loading data from 'parameters' (MemoryDataSet)...
2023-03-24 12:40:37,874 - kedro.pipeline.node - INFO - Running node: split: split_data([example_iris_data,parameters]) -> [X_train@pyspark,X_test@pyspark,y_train@pyspark,y_test@pyspark]
2023-03-24 12:40:37,983 - kedro.io.data_catalog - INFO - Saving data to 'X_train@pyspark' (SparkDataSet)...
2023-03-24 12:40:39,733 - kedro.io.data_catalog - INFO - Saving data to 'X_test@pyspark' (SparkDataSet)...
2023-03-24 12:40:40,298 - kedro.io.data_catalog - INFO - Saving data to 'y_train@pyspark' (SparkDataSet)...
2023-03-24 12:40:40,796 - kedro.io.data_catalog - INFO - Saving data to 'y_test@pyspark' (SparkDataSet)...
2023-03-24 12:40:41,343 - kedro.runner.sequential_runner - INFO - Completed 1 out of 3 tasks
2023-03-24 12:40:41,405 - kedro.io.data_catalog - INFO - Loading data from 'X_train@pandas' (ParquetDataSet)...
2023-03-24 12:40:41,702 - kedro.io.data_catalog - INFO - Loading data from 'X_test@pandas' (ParquetDataSet)...
2023-03-24 12:40:41,702 - kedro.io.data_catalog - INFO - Loading data from 'y_train@pandas' (ParquetDataSet)...
2023-03-24 12:40:41,718 - kedro.pipeline.node - INFO - Running node: make_predictions: make_predictions([X_train@pandas,X_test@pandas,y_train@pandas]) -> [y_pred]
2023-03-24 12:40:41,734 - kedro.io.data_catalog - INFO - Saving data to 'y_pred' (MemoryDataSet)...
2023-03-24 12:40:41,734 - kedro.runner.sequential_runner - INFO - Completed 2 out of 3 tasks
2023-03-24 12:40:41,749 - kedro.io.data_catalog - INFO - Loading data from 'y_pred' (MemoryDataSet)...
2023-03-24 12:40:41,749 - kedro.io.data_catalog - INFO - Loading data from 'y_test@pandas' (ParquetDataSet)...
2023-03-24 12:40:41,765 - kedro.pipeline.node - INFO - Running node: report_accuracy: report_accuracy([y_pred,y_test@pandas]) -> None
2023-03-24 12:40:41,765 - pyspark_iris.nodes - INFO - Model has an accuracy of 1.000 on test data.
2023-03-24 12:40:41,780 - kedro.runner.sequential_runner - INFO - Completed 3 out of 3 tasks
2023-03-24 12:40:41,796 - kedro.runner.sequential_runner - INFO - Pipeline execution completed successfully.
2023-03-24 12:41:11,937 - py.warnings - WARNING - C:\Users\rmishr06\OneDrive - Amgen\Documents\kedropys\venv\lib\site-packages\hdfs\config.py:15: DeprecationWarning: the imp module is deprecated in favour of importlib and slated for removal in Python 3.12; see the module's documentation for alternative uses
  from imp import load_source

2023-04-18 17:34:56,047 - kedro.framework.session.session - INFO - Kedro project pyspark-iris
2023-04-18 17:34:56,201 - py.warnings - WARNING - C:\Users\rmishr06\OneDrive - Amgen\Documents\kedropys\venv\lib\site-packages\hdfs\config.py:15: DeprecationWarning: the imp module is deprecated in favour of importlib and slated for removal in Python 3.12; see the module's documentation for alternative uses
  from imp import load_source

2023-04-18 17:35:11,076 - kedro.io.data_catalog - INFO - Loading data from 'example_iris_data' (SparkDataSet)...
2023-04-18 17:35:25,029 - kedro.io.data_catalog - INFO - Loading data from 'parameters' (MemoryDataSet)...
2023-04-18 17:35:25,045 - kedro.pipeline.node - INFO - Running node: split: split_data([example_iris_data,parameters]) -> [X_train@pyspark,X_test@pyspark,y_train@pyspark,y_test@pyspark]
2023-04-18 17:35:25,139 - kedro.io.data_catalog - INFO - Saving data to 'X_train@pyspark' (SparkDataSet)...
2023-04-18 17:35:28,655 - kedro.io.data_catalog - INFO - Saving data to 'X_test@pyspark' (SparkDataSet)...
2023-04-18 17:35:29,441 - kedro.io.data_catalog - INFO - Saving data to 'y_train@pyspark' (SparkDataSet)...
2023-04-18 17:35:30,212 - kedro.io.data_catalog - INFO - Saving data to 'y_test@pyspark' (SparkDataSet)...
2023-04-18 17:35:31,061 - kedro.runner.sequential_runner - INFO - Completed 1 out of 3 tasks
2023-04-18 17:35:31,185 - kedro.io.data_catalog - INFO - Loading data from 'X_train@pandas' (ParquetDataSet)...
2023-04-18 17:35:34,451 - kedro.io.data_catalog - INFO - Loading data from 'X_test@pandas' (ParquetDataSet)...
2023-04-18 17:35:34,514 - kedro.io.data_catalog - INFO - Loading data from 'y_train@pandas' (ParquetDataSet)...
2023-04-18 17:35:34,623 - kedro.pipeline.node - INFO - Running node: make_predictions: make_predictions([X_train@pandas,X_test@pandas,y_train@pandas]) -> [y_pred]
2023-04-18 17:35:35,966 - kedro.io.data_catalog - INFO - Saving data to 'y_pred' (MemoryDataSet)...
2023-04-18 17:35:35,983 - kedro.runner.sequential_runner - INFO - Completed 2 out of 3 tasks
2023-04-18 17:35:35,983 - kedro.io.data_catalog - INFO - Loading data from 'y_pred' (MemoryDataSet)...
2023-04-18 17:35:36,092 - kedro.io.data_catalog - INFO - Loading data from 'y_test@pandas' (ParquetDataSet)...
2023-04-18 17:35:36,092 - kedro.pipeline.node - INFO - Running node: report_accuracy: report_accuracy([y_pred,y_test@pandas]) -> None
2023-04-18 17:35:36,107 - pyspark_iris.nodes - INFO - Model has an accuracy of 0.973 on test data.
2023-04-18 17:35:36,154 - kedro.runner.sequential_runner - INFO - Completed 3 out of 3 tasks
2023-04-18 17:35:36,201 - kedro.runner.sequential_runner - INFO - Pipeline execution completed successfully.
